0 info it worked if it ends with ok
1 verbose cli [ '/usr/local/bin/node', '/usr/local/bin/npm', 'start' ]
2 info using npm@1.4.28
3 info using node@v0.10.36
4 verbose run-script [ 'prestart', 'start', 'poststart' ]
5 info prestart node-arduino-detector@1.0.0
6 info start node-arduino-detector@1.0.0
7 verbose unsafe-perm in lifecycle true
8 info node-arduino-detector@1.0.0 Failed to exec start script
9 error node-arduino-detector@1.0.0 start: `node index.js`
9 error Exit status 8
10 error Failed at the node-arduino-detector@1.0.0 start script.
10 error This is most likely a problem with the node-arduino-detector package,
10 error not with npm itself.
10 error Tell the author that this fails on your system:
10 error     node index.js
10 error You can get their info via:
10 error     npm owner ls node-arduino-detector
10 error There is likely additional logging output above.
11 error System Linux 3.16.0-4-amd64
12 error command "/usr/local/bin/node" "/usr/local/bin/npm" "start"
13 error cwd /home/master/Projects/www/bsuir/node-arduino-detector
14 error node -v v0.10.36
15 error npm -v 1.4.28
16 error code ELIFECYCLE
17 verbose exit [ 1, true ]
